00:14:45 **** Build of configuration Debug for project motor_control_timers ****
make -j16 all 
arm-none-eabi-gcc "../Middlewares/Third_Party/ARM_CMSIS/Source/TransformFunctions/TransformFunctions.c" -mcpu=cortex-m4 -std=gnu11 -g3 -DDEBUG -DUSE_HAL_DRIVER -DSTM32G474xx -c -I../Core/Inc -I../Drivers/STM32G4xx_HAL_Driver/Inc -I../Drivers/STM32G4xx_HAL_Driver/Inc/Legacy -I../Drivers/CMSIS/Device/ST/STM32G4xx/Include -I../Drivers/CMSIS/Include -I../Middlewares/Third_Party/ARM_CMSIS/CMSIS/Core/Include/ -I../Middlewares/Third_Party/ARM_CMSIS/PrivateInclude/ -I../Middlewares/Third_Party/ARM_CMSIS/Include/ -I../Middlewares/Third_Party/ARM_CMSIS/Include -O0 -ffunction-sections -fdata-sections -Wall -fstack-usage -fcyclomatic-complexity -MMD -MP -MF"Middlewares/Third_Party/ARM_CMSIS/Source/TransformFunctions/TransformFunctions.d" -MT"Middlewares/Third_Party/ARM_CMSIS/Source/TransformFunctions/TransformFunctions.o" --specs=nano.specs -mfpu=fpv4-sp-d16 -mfloat-abi=hard -mthumb -o "Middlewares/Third_Party/ARM_CMSIS/Source/TransformFunctions/TransformFunctions.o"
arm-none-eabi-gcc "../Middlewares/Third_Party/ARM_CMSIS/Source/TransformFunctions/TransformFunctionsF16.c" -mcpu=cortex-m4 -std=gnu11 -g3 -DDEBUG -DUSE_HAL_DRIVER -DSTM32G474xx -c -I../Core/Inc -I../Drivers/STM32G4xx_HAL_Driver/Inc -I../Drivers/STM32G4xx_HAL_Driver/Inc/Legacy -I../Drivers/CMSIS/Device/ST/STM32G4xx/Include -I../Drivers/CMSIS/Include -I../Middlewares/Third_Party/ARM_CMSIS/CMSIS/Core/Include/ -I../Middlewares/Third_Party/ARM_CMSIS/PrivateInclude/ -I../Middlewares/Third_Party/ARM_CMSIS/Include/ -I../Middlewares/Third_Party/ARM_CMSIS/Include -O0 -ffunction-sections -fdata-sections -Wall -fstack-usage -fcyclomatic-complexity -MMD -MP -MF"Middlewares/Third_Party/ARM_CMSIS/Source/TransformFunctions/TransformFunctionsF16.d" -MT"Middlewares/Third_Party/ARM_CMSIS/Source/TransformFunctions/TransformFunctionsF16.o" --specs=nano.specs -mfpu=fpv4-sp-d16 -mfloat-abi=hard -mthumb -o "Middlewares/Third_Party/ARM_CMSIS/Source/TransformFunctions/TransformFunctionsF16.o"
arm-none-eabi-gcc "../Middlewares/Third_Party/ARM_CMSIS/Source/SupportFunctions/SupportFunctions.c" -mcpu=cortex-m4 -std=gnu11 -g3 -DDEBUG -DUSE_HAL_DRIVER -DSTM32G474xx -c -I../Core/Inc -I../Drivers/STM32G4xx_HAL_Driver/Inc -I../Drivers/STM32G4xx_HAL_Driver/Inc/Legacy -I../Drivers/CMSIS/Device/ST/STM32G4xx/Include -I../Drivers/CMSIS/Include -I../Middlewares/Third_Party/ARM_CMSIS/CMSIS/Core/Include/ -I../Middlewares/Third_Party/ARM_CMSIS/PrivateInclude/ -I../Middlewares/Third_Party/ARM_CMSIS/Include/ -I../Middlewares/Third_Party/ARM_CMSIS/Include -O0 -ffunction-sections -fdata-sections -Wall -fstack-usage -fcyclomatic-complexity -MMD -MP -MF"Middlewares/Third_Party/ARM_CMSIS/Source/SupportFunctions/SupportFunctions.d" -MT"Middlewares/Third_Party/ARM_CMSIS/Source/SupportFunctions/SupportFunctions.o" --specs=nano.specs -mfpu=fpv4-sp-d16 -mfloat-abi=hard -mthumb -o "Middlewares/Third_Party/ARM_CMSIS/Source/SupportFunctions/SupportFunctions.o"
arm-none-eabi-gcc "../Middlewares/Third_Party/ARM_CMSIS/Source/SupportFunctions/SupportFunctionsF16.c" -mcpu=cortex-m4 -std=gnu11 -g3 -DDEBUG -DUSE_HAL_DRIVER -DSTM32G474xx -c -I../Core/Inc -I../Drivers/STM32G4xx_HAL_Driver/Inc -I../Drivers/STM32G4xx_HAL_Driver/Inc/Legacy -I../Drivers/CMSIS/Device/ST/STM32G4xx/Include -I../Drivers/CMSIS/Include -I../Middlewares/Third_Party/ARM_CMSIS/CMSIS/Core/Include/ -I../Middlewares/Third_Party/ARM_CMSIS/PrivateInclude/ -I../Middlewares/Third_Party/ARM_CMSIS/Include/ -I../Middlewares/Third_Party/ARM_CMSIS/Include -O0 -ffunction-sections -fdata-sections -Wall -fstack-usage -fcyclomatic-complexity -MMD -MP -MF"Middlewares/Third_Party/ARM_CMSIS/Source/SupportFunctions/SupportFunctionsF16.d" -MT"Middlewares/Third_Party/ARM_CMSIS/Source/SupportFunctions/SupportFunctionsF16.o" --specs=nano.specs -mfpu=fpv4-sp-d16 -mfloat-abi=hard -mthumb -o "Middlewares/Third_Party/ARM_CMSIS/Source/SupportFunctions/SupportFunctionsF16.o"
arm-none-eabi-gcc "../Middlewares/Third_Party/ARM_CMSIS/Source/StatisticsFunctions/StatisticsFunctions.c" -mcpu=cortex-m4 -std=gnu11 -g3 -DDEBUG -DUSE_HAL_DRIVER -DSTM32G474xx -c -I../Core/Inc -I../Drivers/STM32G4xx_HAL_Driver/Inc -I../Drivers/STM32G4xx_HAL_Driver/Inc/Legacy -I../Drivers/CMSIS/Device/ST/STM32G4xx/Include -I../Drivers/CMSIS/Include -I../Middlewares/Third_Party/ARM_CMSIS/CMSIS/Core/Include/ -I../Middlewares/Third_Party/ARM_CMSIS/PrivateInclude/ -I../Middlewares/Third_Party/ARM_CMSIS/Include/ -I../Middlewares/Third_Party/ARM_CMSIS/Include -O0 -ffunction-sections -fdata-sections -Wall -fstack-usage -fcyclomatic-complexity -MMD -MP -MF"Middlewares/Third_Party/ARM_CMSIS/Source/StatisticsFunctions/StatisticsFunctions.d" -MT"Middlewares/Third_Party/ARM_CMSIS/Source/StatisticsFunctions/StatisticsFunctions.o" --specs=nano.specs -mfpu=fpv4-sp-d16 -mfloat-abi=hard -mthumb -o "Middlewares/Third_Party/ARM_CMSIS/Source/StatisticsFunctions/StatisticsFunctions.o"
arm-none-eabi-gcc "../Middlewares/Third_Party/ARM_CMSIS/Source/StatisticsFunctions/StatisticsFunctionsF16.c" -mcpu=cortex-m4 -std=gnu11 -g3 -DDEBUG -DUSE_HAL_DRIVER -DSTM32G474xx -c -I../Core/Inc -I../Drivers/STM32G4xx_HAL_Driver/Inc -I../Drivers/STM32G4xx_HAL_Driver/Inc/Legacy -I../Drivers/CMSIS/Device/ST/STM32G4xx/Include -I../Drivers/CMSIS/Include -I../Middlewares/Third_Party/ARM_CMSIS/CMSIS/Core/Include/ -I../Middlewares/Third_Party/ARM_CMSIS/PrivateInclude/ -I../Middlewares/Third_Party/ARM_CMSIS/Include/ -I../Middlewares/Third_Party/ARM_CMSIS/Include -O0 -ffunction-sections -fdata-sections -Wall -fstack-usage -fcyclomatic-complexity -MMD -MP -MF"Middlewares/Third_Party/ARM_CMSIS/Source/StatisticsFunctions/StatisticsFunctionsF16.d" -MT"Middlewares/Third_Party/ARM_CMSIS/Source/StatisticsFunctions/StatisticsFunctionsF16.o" --specs=nano.specs -mfpu=fpv4-sp-d16 -mfloat-abi=hard -mthumb -o "Middlewares/Third_Party/ARM_CMSIS/Source/StatisticsFunctions/StatisticsFunctionsF16.o"
arm-none-eabi-gcc "../Middlewares/Third_Party/ARM_CMSIS/Source/SVMFunctions/SVMFunctions.c" -mcpu=cortex-m4 -std=gnu11 -g3 -DDEBUG -DUSE_HAL_DRIVER -DSTM32G474xx -c -I../Core/Inc -I../Drivers/STM32G4xx_HAL_Driver/Inc -I../Drivers/STM32G4xx_HAL_Driver/Inc/Legacy -I../Drivers/CMSIS/Device/ST/STM32G4xx/Include -I../Drivers/CMSIS/Include -I../Middlewares/Third_Party/ARM_CMSIS/CMSIS/Core/Include/ -I../Middlewares/Third_Party/ARM_CMSIS/PrivateInclude/ -I../Middlewares/Third_Party/ARM_CMSIS/Include/ -I../Middlewares/Third_Party/ARM_CMSIS/Include -O0 -ffunction-sections -fdata-sections -Wall -fstack-usage -fcyclomatic-complexity -MMD -MP -MF"Middlewares/Third_Party/ARM_CMSIS/Source/SVMFunctions/SVMFunctions.d" -MT"Middlewares/Third_Party/ARM_CMSIS/Source/SVMFunctions/SVMFunctions.o" --specs=nano.specs -mfpu=fpv4-sp-d16 -mfloat-abi=hard -mthumb -o "Middlewares/Third_Party/ARM_CMSIS/Source/SVMFunctions/SVMFunctions.o"
../Middlewares/Third_Party/ARM_CMSIS/Source/TransformFunctions/TransformFunctions.c:29:10: fatal error: arm_bitreversal.c: No such file or directory
   29 | #include "arm_bitreversal.c"
arm-none-eabi-gcc "../Middlewares/Third_Party/ARM_CMSIS/Source/SVMFunctions/SVMFunctionsF16.c" -mcpu=cortex-m4 -std=gnu11 -g3 -DDEBUG -DUSE_HAL_DRIVER -DSTM32G474xx -c -I../Core/Inc -I../Drivers/STM32G4xx_HAL_Driver/Inc -I../Drivers/STM32G4xx_HAL_Driver/Inc/Legacy -I../Drivers/CMSIS/Device/ST/STM32G4xx/Include -I../Drivers/CMSIS/Include -I../Middlewares/Third_Party/ARM_CMSIS/CMSIS/Core/Include/ -I../Middlewares/Third_Party/ARM_CMSIS/PrivateInclude/ -I../Middlewares/Third_Party/ARM_CMSIS/Include/ -I../Middlewares/Third_Party/ARM_CMSIS/Include -O0 -ffunction-sections -fdata-sections -Wall -fstack-usage -fcyclomatic-complexity -MMD -MP -MF"Middlewares/Third_Party/ARM_CMSIS/Source/SVMFunctions/SVMFunctionsF16.d" -MT"Middlewares/Third_Party/ARM_CMSIS/Source/SVMFunctions/SVMFunctionsF16.o" --specs=nano.specs -mfpu=fpv4-sp-d16 -mfloat-abi=hard -mthumb -o "Middlewares/Third_Party/ARM_CMSIS/Source/SVMFunctions/SVMFunctionsF16.o"
      |          ^~~~~~~~~~~~~~~~~~~
compilation terminated.
../Middlewares/Third_Party/ARM_CMSIS/Source/TransformFunctions/TransformFunctionsF16.c:29:10: fatal error: arm_cfft_f16.c: No such file or directory
   29 | #include "arm_cfft_f16.c"
      |          ^~~~~~~~~~~~~~~~
compilation terminated.
arm-none-eabi-gcc "../Middlewares/Third_Party/ARM_CMSIS/Source/QuaternionMathFunctions/QuaternionMathFunctions.c" -mcpu=cortex-m4 -std=gnu11 -g3 -DDEBUG -DUSE_HAL_DRIVER -DSTM32G474xx -c -I../Core/Inc -I../Drivers/STM32G4xx_HAL_Driver/Inc -I../Drivers/STM32G4xx_HAL_Driver/Inc/Legacy -I../Drivers/CMSIS/Device/ST/STM32G4xx/Include -I../Drivers/CMSIS/Include -I../Middlewares/Third_Party/ARM_CMSIS/CMSIS/Core/Include/ -I../Middlewares/Third_Party/ARM_CMSIS/PrivateInclude/ -I../Middlewares/Third_Party/ARM_CMSIS/Include/ -I../Middlewares/Third_Party/ARM_CMSIS/Include -O0 -ffunction-sections -fdata-sections -Wall -fstack-usage -fcyclomatic-complexity -MMD -MP -MF"Middlewares/Third_Party/ARM_CMSIS/Source/QuaternionMathFunctions/QuaternionMathFunctions.d" -MT"Middlewares/Third_Party/ARM_CMSIS/Source/QuaternionMathFunctions/QuaternionMathFunctions.o" --specs=nano.specs -mfpu=fpv4-sp-d16 -mfloat-abi=hard -mthumb -o "Middlewares/Third_Party/ARM_CMSIS/Source/QuaternionMathFunctions/QuaternionMathFunctions.o"
../Middlewares/Third_Party/ARM_CMSIS/Source/SupportFunctions/SupportFunctions.c:29:10: fatal error: arm_barycenter_f32.c: No such file or directory
   29 | #include "arm_barycenter_f32.c"
      |          ^~~~~~~~~~~~~~~~~~~~~~
compilation terminated.
make: *** [Middlewares/Third_Party/ARM_CMSIS/Source/TransformFunctions/subdir.mk:22: Middlewares/Third_Party/ARM_CMSIS/Source/TransformFunctions/TransformFunctions.o] Error 1
make: *** Waiting for unfinished jobs....
make: *** [Middlewares/Third_Party/ARM_CMSIS/Source/TransformFunctions/subdir.mk:22: Middlewares/Third_Party/ARM_CMSIS/Source/TransformFunctions/TransformFunctionsF16.o] Error 1
make: *** [Middlewares/Third_Party/ARM_CMSIS/Source/SupportFunctions/subdir.mk:22: Middlewares/Third_Party/ARM_CMSIS/Source/SupportFunctions/SupportFunctions.o] Error 1
../Middlewares/Third_Party/ARM_CMSIS/Source/SupportFunctions/SupportFunctionsF16.c:29:10: fatal error: arm_copy_f16.c: No such file or directory
   29 | #include "arm_copy_f16.c"
      |          ^~~~~~~~~~~~~~~~
compilation terminated.
../Middlewares/Third_Party/ARM_CMSIS/Source/StatisticsFunctions/StatisticsFunctions.c:29:10: fatal error: arm_entropy_f32.c: No such file or directory
   29 | #include "arm_entropy_f32.c"
      |          ^~~~~~~~~~~~~~~~~~~
compilation terminated.
make: *** [Middlewares/Third_Party/ARM_CMSIS/Source/SupportFunctions/subdir.mk:22: Middlewares/Third_Party/ARM_CMSIS/Source/SupportFunctions/SupportFunctionsF16.o] Error 1
../Middlewares/Third_Party/ARM_CMSIS/Source/StatisticsFunctions/StatisticsFunctionsF16.c:29:10: fatal error: arm_max_f16.c: No such file or directory
   29 | #include "arm_max_f16.c"
      |          ^~~~~~~~~~~~~~~
compilation terminated.
make: *** [Middlewares/Third_Party/ARM_CMSIS/Source/StatisticsFunctions/subdir.mk:22: Middlewares/Third_Party/ARM_CMSIS/Source/StatisticsFunctions/StatisticsFunctions.o] Error 1
make: *** [Middlewares/Third_Party/ARM_CMSIS/Source/StatisticsFunctions/subdir.mk:22: Middlewares/Third_Party/ARM_CMSIS/Source/StatisticsFunctions/StatisticsFunctionsF16.o] Error 1
../Middlewares/Third_Party/ARM_CMSIS/Source/SVMFunctions/SVMFunctions.c:29:10: fatal error: arm_svm_linear_init_f32.c: No such file or directory
   29 | #include "arm_svm_linear_init_f32.c"
      |          ^~~~~~~~~~~~~~~~~~~~~~~~~~~
compilation terminated.
../Middlewares/Third_Party/ARM_CMSIS/Source/SVMFunctions/SVMFunctionsF16.c:29:10: fatal error: arm_svm_linear_init_f16.c: No such file or directory
   29 | #include "arm_svm_linear_init_f16.c"
      |          ^~~~~~~~~~~~~~~~~~~~~~~~~~~
compilation terminated.
make: *** [Middlewares/Third_Party/ARM_CMSIS/Source/SVMFunctions/subdir.mk:22: Middlewares/Third_Party/ARM_CMSIS/Source/SVMFunctions/SVMFunctions.o] Error 1
make: *** [Middlewares/Third_Party/ARM_CMSIS/Source/SVMFunctions/subdir.mk:22: Middlewares/Third_Party/ARM_CMSIS/Source/SVMFunctions/SVMFunctionsF16.o] Error 1
../Middlewares/Third_Party/ARM_CMSIS/Source/QuaternionMathFunctions/QuaternionMathFunctions.c:27:10: fatal error: arm_quaternion_norm_f32.c: No such file or directory
   27 | #include "arm_quaternion_norm_f32.c"
      |          ^~~~~~~~~~~~~~~~~~~~~~~~~~~
compilation terminated.
make: *** [Middlewares/Third_Party/ARM_CMSIS/Source/QuaternionMathFunctions/subdir.mk:19: Middlewares/Third_Party/ARM_CMSIS/Source/QuaternionMathFunctions/QuaternionMathFunctions.o] Error 1
"make -j16 all" terminated with exit code 2. Build might be incomplete.

00:14:46 Build Failed. 19 errors, 0 warnings. (took 786ms)

